<?xml version="1.0" encoding="UTF-8"?>
<!-- Generated by org.testng.reporters.JUnitReportReporter -->
<testsuite skipped="0" hostname="DESKTOP-LSKACAV" name="com.nopcommerce.demo.testsuite.HomePageTest" tests="1" failures="0" timestamp="2022-12-13T19:05:53 GMT" time="4.662" errors="0">
  <testcase name="verifyUserShouldNavigateToApparel" time="4.662" classname="com.nopcommerce.demo.testsuite.HomePageTest"/>
  <system-out>
    <![CDATA[getVerifyElectronics[[ChromeDriver: chrome on WINDOWS (7ad6b85c52a7ddba81d68fa08a694af8)] -> xpath: //a[@href='/electronics']]
Click to see screenshot
<a target = "_blank" href=C:\Users\USER\IdeaProjects\testng-week15-nopcommerce-naresh/test-output/html/verifyUserShouldNavigateToApparelTue_Dec_13_19_05_51_GMT_2022.jpg>Screenshot</a>
<br>
<br>
<a target = "_blank" href=C:\Users\USER\IdeaProjects\testng-week15-nopcommerce-naresh/test-output/html/verifyUserShouldNavigateToApparelTue_Dec_13_19_05_51_GMT_2022.jpg><img src=C:\Users\USER\IdeaProjects\testng-week15-nopcommerce-naresh/test-output/html/verifyUserShouldNavigateToApparelTue_Dec_13_19_05_51_GMT_2022.jpg height=200 width=200></img></a>]]>
  </system-out>
</testsuite> <!-- com.nopcommerce.demo.testsuite.HomePageTest -->
