<?xml version="1.0" encoding="UTF-8"?>
<!-- Generated by org.testng.reporters.JUnitReportReporter -->
<testsuite skipped="0" hostname="DESKTOP-LSKACAV" name="com.nopcommerce.demo.testsuite.ComputerTest" tests="1" failures="0" timestamp="2022-12-13T18:55:56 GMT" time="5.004" errors="0">
  <testcase name="verifyProductArrangeInAlphaBaticalOrder" time="5.004" classname="com.nopcommerce.demo.testsuite.ComputerTest"/>
  <system-out>
    <![CDATA[clickOnComputer[[ChromeDriver: chrome on WINDOWS (ce54eeaa7f9eeca746c22ea9a13eccd9)] -> xpath: //a[@href='/computers']]
clickOnDesktop[[ChromeDriver: chrome on WINDOWS (ce54eeaa7f9eeca746c22ea9a13eccd9)] -> xpath: //h2[@class='title']//a]
Click to see screenshot
<a target = "_blank" href=C:\Users\USER\IdeaProjects\testng-week15-nopcommerce-naresh/test-output/html/verifyProductArrangeInAlphaBaticalOrderTue_Dec_13_18_54_52_GMT_2022.jpg>Screenshot</a>
<br>
<br>
<a target = "_blank" href=C:\Users\USER\IdeaProjects\testng-week15-nopcommerce-naresh/test-output/html/verifyProductArrangeInAlphaBaticalOrderTue_Dec_13_18_54_52_GMT_2022.jpg><img src=C:\Users\USER\IdeaProjects\testng-week15-nopcommerce-naresh/test-output/html/verifyProductArrangeInAlphaBaticalOrderTue_Dec_13_18_54_52_GMT_2022.jpg height=200 width=200></img></a>]]>
  </system-out>
</testsuite> <!-- com.nopcommerce.demo.testsuite.ComputerTest -->
